[02:08:59.571] [INFO] storybook v10.1.4
[02:09:00.088] [DEBUG] Getting package.json info for /Users/btwhaley/Git/pixelated-components/package.json...
[02:09:00.223] [INFO] Storybook collects completely anonymous usage telemetry. We use it to shape Storybook's roadmap and prioritize features. You can learn more, including how to opt out, at https://storybook.js.org/telemetry
[02:09:00.466] [DEBUG] Serving static files from [36msrc[39m at [36m/[39m
[02:09:00.474] [INFO] Starting...
[02:09:00.634] [DEBUG] Starting preview..
[02:09:00.638] [INFO] Using implicit CSS loaders
[02:09:00.639] [INFO] Using default Webpack5 setup
[02:09:00.968] [DEBUG] Using tsconfig paths for react-docgen
[02:09:12.211] [ERROR] Failed to build the preview
[02:09:12.215] [WARN] Force closed preview build
[02:09:12.216] [ERROR] [38;2;241;97;97mSB_BUILDER-WEBPACK5_0003 (WebpackCompilationError): There were problems when compiling your code with Webpack.
Run Storybook with --debug-webpack for more information.[39m
    at starter (file://./node_modules/@storybook/builder-webpack5/dist/index.js:799:11)
    at starter.next (<anonymous>)
    at Module.start (file://./node_modules/@storybook/builder-webpack5/dist/index.js:857:34)
    at process.processTicksAndRejections (node:internal/process/task_queues:105:5)
    at async storybookDevServer (file://./node_modules/storybook/dist/core-server/index.js:7180:82)
    at async buildOrThrow (file://./node_modules/storybook/dist/core-server/index.js:5556:12)
    at async buildDevStandalone (file://./node_modules/storybook/dist/core-server/index.js:7582:66)
    at async withTelemetry (file://./node_modules/storybook/dist/_node-chunks/chunk-6KX7N5UF.js:205:12)
    at async dev (file://./node_modules/storybook/dist/bin/core.js:2734:3)
    at async _Command.<anonymous> (file://./node_modules/storybook/dist/bin/core.js:2801:92)
[02:09:12.216] [WARN] Broken build, fix the error above.
You may need to refresh the browser.